<?xml version="1.0" encoding="UTF-8"?>
<!-- Generated by org.testng.reporters.JUnitReportReporter -->
<testsuite hostname="AyushRaj" failures="0" tests="6" name="com.swiggy.runnerfiles.TestRunner" time="47.080" errors="0" timestamp="2021-09-30T13:01:56 IST" skipped="0">
  <testcase classname="com.swiggy.runnerfiles.TestRunner" name="runScenario" time="12.726"/>
  <system-out/>
  <testcase classname="com.swiggy.runnerfiles.TestRunner" name="runScenario" time="4.084"/>
  <system-out/>
  <testcase classname="com.swiggy.runnerfiles.TestRunner" name="runScenario" time="6.168"/>
  <system-out/>
  <testcase classname="com.swiggy.runnerfiles.TestRunner" name="runScenario" time="11.022"/>
  <system-out/>
  <testcase classname="com.swiggy.runnerfiles.TestRunner" name="runScenario" time="4.073"/>
  <system-out/>
  <testcase classname="com.swiggy.runnerfiles.TestRunner" name="runScenario" time="9.007"/>
  <system-out/>
</testsuite> <!-- com.swiggy.runnerfiles.TestRunner -->
