<?xml version="1.0" encoding="UTF-8"?>
<!-- Generated by org.testng.reporters.JUnitReportReporter -->
<testsuite hostname="AyushRaj" failures="0" tests="6" name="com.swiggy.runnerfiles.TestRunner" time="45.210" errors="0" timestamp="2021-09-30T11:47:40 IST" skipped="0">
  <testcase classname="com.swiggy.runnerfiles.TestRunner" name="runScenario" time="12.224"/>
  <system-out/>
  <testcase classname="com.swiggy.runnerfiles.TestRunner" name="runScenario" time="3.834"/>
  <system-out/>
  <testcase classname="com.swiggy.runnerfiles.TestRunner" name="runScenario" time="5.659"/>
  <system-out/>
  <testcase classname="com.swiggy.runnerfiles.TestRunner" name="runScenario" time="10.460"/>
  <system-out/>
  <testcase classname="com.swiggy.runnerfiles.TestRunner" name="runScenario" time="3.971"/>
  <system-out/>
  <testcase classname="com.swiggy.runnerfiles.TestRunner" name="runScenario" time="9.062"/>
  <system-out/>
</testsuite> <!-- com.swiggy.runnerfiles.TestRunner -->
