<?xml version="1.0" encoding="UTF-8"?>
<!-- Generated by org.testng.reporters.JUnitReportReporter -->
<testsuite skipped="0" hostname="AyushRaj" name="com.swiggy.runnerfiles.TestRunner" tests="6" failures="0" timestamp="2021-09-30T16:42:49 IST" time="49.854" errors="0">
  <testcase name="runScenario" time="10.085" classname="com.swiggy.runnerfiles.TestRunner"/>
  <system-out/>
  <testcase name="runScenario" time="11.437" classname="com.swiggy.runnerfiles.TestRunner"/>
  <system-out/>
  <testcase name="runScenario" time="3.919" classname="com.swiggy.runnerfiles.TestRunner"/>
  <system-out/>
  <testcase name="runScenario" time="13.150" classname="com.swiggy.runnerfiles.TestRunner"/>
  <system-out/>
  <testcase name="runScenario" time="6.409" classname="com.swiggy.runnerfiles.TestRunner"/>
  <system-out/>
  <testcase name="runScenario" time="4.854" classname="com.swiggy.runnerfiles.TestRunner"/>
  <system-out/>
</testsuite> <!-- com.swiggy.runnerfiles.TestRunner -->
